Backup active
Backup made at 2025-01-31 02:17:49
Starting file monitoring for path: /Users/octavoprita/Desktop/Nig
Watching for file modifications in directory and subdirectories. Press Ctrl+C to stop...
MODIFIED - File modified: .DS_Store at 2025-01-31 02:17:58
MODIFIED - File modified: .DS_Store at 2025-01-31 02:17:59
MODIFIED - File modified: .DS_Store at 2025-01-31 02:17:59
MODIFIED - File modified: .DS_Store at 2025-01-31 02:18:00
MODIFIED - File modified: .DS_Store at 2025-01-31 02:18:00
MODIFIED - File modified: .DS_Store at 2025-01-31 02:18:00
MODIFIED - File modified: .DS_Store at 2025-01-31 02:18:01
MODIFIED - File modified: .DS_Store at 2025-01-31 02:18:06
MODIFIED - File modified: .DS_Store at 2025-01-31 02:18:15
MODIFIED - File modified: .DS_Store at 2025-01-31 02:18:18
MODIFIED - File modified: .DS_Store at 2025-01-31 02:18:20
MODIFIED - File modified: .DS_Store at 2025-01-31 02:18:22
MODIFIED - File modified: .DS_Store at 2025-01-31 02:18:25
MODIFIED - File modified: .DS_Store at 2025-01-31 02:18:30
MODIFIED - File modified: .DS_Store at 2025-01-31 02:18:33
MODIFIED - File modified: .DS_Store at 2025-02-03 15:46:48
